<?xml version="1.0" encoding="UTF-8"?>
<!-- Generated by org.testng.reporters.JUnitXMLReporter -->
<testsuite ignored="2" hostname="thrymr-All-Series" failures="0" tests="1" name="Default test" time="15.464" errors="0" timestamp="2024-12-06T17:01:21 IST">
  <testcase classname="TestCases.TC_01_Login" name="correctCreds" time="10.279"/>
  <testcase classname="TestCases.TC_01_Login" name="login_test" time="0.0">
    <ignored/>
  </testcase> <!-- login_test -->
  <testcase classname="TestCases.TC_01_Login" name="wrongCreds" time="0.0">
    <ignored/>
  </testcase> <!-- wrongCreds -->
</testsuite> <!-- Default test -->
