<?xml version="1.0" encoding="UTF-8"?>
<!-- Generated by org.testng.reporters.JUnitXMLReporter -->
<testsuite ignored="0" hostname="thrymr-All-Series" failures="0" tests="4" name="Test" time="44.196" errors="0" timestamp="2024-12-06T16:43:07 IST">
  <testcase classname="TestCases.TC_00_Login_Page" name="loginPageValidation" time="0.514"/>
  <testcase classname="TestCases.TC_01_Login" name="login_test" time="9.11"/>
  <testcase classname="TestCases.TC_01_Login" name="wrongCreds" time="8.899"/>
  <testcase classname="TestCases.TC_01_Login" name="correctCreds" time="9.426"/>
</testsuite> <!-- Test -->
