<?xml version="1.0" encoding="UTF-8"?>
<testng-results ignored="0" total="1" passed="1" failed="0" skipped="0">
  <reporter-output>
  </reporter-output>
  <suite started-at="2024-12-06T17:01:06 IST" name="Default suite" finished-at="2024-12-06T17:01:21 IST" duration-ms="15464">
    <groups>
    </groups>
    <test started-at="2024-12-06T17:01:06 IST" name="Default test" finished-at="2024-12-06T17:01:21 IST" duration-ms="15464">
      <class name="TestCases.TC_01_Login">
        <test-method is-config="true" signature="setup()[pri:0, instance:TestCases.TC_01_Login@293a5bf6]" started-at="2024-12-06T17:01:06 IST" name="setup" finished-at="2024-12-06T17:01:11 IST" duration-ms="5041" status="PASS">
          <reporter-output>
          </reporter-output>
        </test-method> <!-- setup -->
        <test-method signature="correctCreds()[pri:2, instance:TestCases.TC_01_Login@293a5bf6]" started-at="2024-12-06T17:01:11 IST" name="correctCreds" finished-at="2024-12-06T17:01:21 IST" duration-ms="10279" status="PASS">
          <reporter-output>
          </reporter-output>
        </test-method> <!-- correctCreds -->
        <test-method is-config="true" signature="tearDown()[pri:0, instance:TestCases.TC_01_Login@293a5bf6]" started-at="2024-12-06T17:01:21 IST" name="tearDown" finished-at="2024-12-06T17:01:21 IST" duration-ms="89" status="PASS">
          <reporter-output>
          </reporter-output>
        </test-method> <!-- tearDown -->
      </class> <!-- TestCases.TC_01_Login -->
    </test> <!-- Default test -->
  </suite> <!-- Default suite -->
</testng-results>
